<?xml version="1.0" encoding="UTF-8"?>
<!-- Generated by org.testng.reporters.JUnitReportReporter -->
<testsuite hostname="RUDRAPRASAD" failures="0" tests="2" name="com.germany_is_calling.login.Login_Test$LoginTest" time="23.801" errors="0" timestamp="2024-09-11T19:17:03 IST" skipped="0">
  <testcase classname="com.germany_is_calling.login.Login_Test$LoginTest" name="clickSignUp" time="1.792"/>
  <testcase classname="com.germany_is_calling.login.Login_Test$LoginTest" name="testSuccessfulSignin" time="22.009"/>
</testsuite> <!-- com.germany_is_calling.login.Login_Test$LoginTest -->
